<?xml version="1.0" encoding="UTF-8"?>
<testng-results skipped="0" failed="0" total="1" passed="1">
  <reporter-output>
  </reporter-output>
  <suite name="Default suite" duration-ms="52217" started-at="2021-11-29T04:57:27Z" finished-at="2021-11-29T04:58:19Z">
    <groups>
    </groups>
    <test name="Default test" duration-ms="52217" started-at="2021-11-29T04:57:27Z" finished-at="2021-11-29T04:58:19Z">
      <class name="webstaurantstoreDemo.SearchTableTest">
        <test-method status="PASS" signature="setUp()[pri:0, instance:webstaurantstoreDemo.SearchTableTest@62ee68d8]" name="setUp" is-config="true" duration-ms="4361" started-at="2021-11-28T21:57:27Z" finished-at="2021-11-28T21:57:31Z">
          <reporter-output>
          </reporter-output>
        </test-method> <!-- setUp -->
        <test-method status="PASS" signature="searchWorkTableTest()[pri:0, instance:webstaurantstoreDemo.SearchTableTest@62ee68d8]" name="searchWorkTableTest" duration-ms="47825" started-at="2021-11-28T21:57:31Z" finished-at="2021-11-28T21:58:19Z">
          <reporter-output>
          </reporter-output>
        </test-method> <!-- searchWorkTableTest -->
        <test-method status="PASS" signature="tearDown()[pri:0, instance:webstaurantstoreDemo.SearchTableTest@62ee68d8]" name="tearDown" is-config="true" duration-ms="1" started-at="2021-11-28T21:58:19Z" finished-at="2021-11-28T21:58:19Z">
          <reporter-output>
          </reporter-output>
        </test-method> <!-- tearDown -->
      </class> <!-- webstaurantstoreDemo.SearchTableTest -->
    </test> <!-- Default test -->
  </suite> <!-- Default suite -->
</testng-results>
